<?xml version="1.0" encoding="UTF-8"?>
<!-- Generated by org.testng.reporters.JUnitXMLReporter -->
<testsuite ignored="0" hostname="LAPTOP-UUVR85DV" failures="0" tests="3" name="Default test" time="1.561" errors="0" timestamp="2025-03-25T06:07:27 IST">
  <testcase classname="screenshotCapturingInExtentReportday_03.BaseClassExtent" name="@BeforeTest setup" time="1.49">
    <failure type="java.lang.NullPointerException" message="Cannot invoke &amp;quot;String.replaceAll(String, String)&amp;quot; because &amp;quot;x&amp;quot; is null">
      <![CDATA[java.lang.NullPointerException: Cannot invoke "String.replaceAll(String, String)" because "x" is null
at com.aventstack.extentreports.ExtentTest.lambda$assignAuthor$1(ExtentTest.java:1067)
at java.base/java.util.Spliterators$ArraySpliterator.forEachRemaining(Spliterators.java:1024)
at java.base/java.util.stream.ReferencePipeline$Head.forEach(ReferencePipeline.java:807)
at com.aventstack.extentreports.ExtentTest.assignAuthor(ExtentTest.java:1066)
at screenshotCapturingInExtentReportday_03.BaseClassExtent.setup(BaseClassExtent.java:52)
at java.base/jdk.internal.reflect.DirectMethodHandleAccessor.invoke(DirectMethodHandleAccessor.java:103)
at java.base/java.lang.reflect.Method.invoke(Method.java:580)
at org.testng.internal.invokers.MethodInvocationHelper.invokeMethod(MethodInvocationHelper.java:141)
at org.testng.internal.invokers.MethodInvocationHelper.invokeMethodConsideringTimeout(MethodInvocationHelper.java:71)
at org.testng.internal.invokers.ConfigInvoker.invokeConfigurationMethod(ConfigInvoker.java:400)
at org.testng.internal.invokers.ConfigInvoker.invokeConfigurations(ConfigInvoker.java:333)
at org.testng.TestRunner.invokeTestConfigurations(TestRunner.java:655)
at org.testng.TestRunner.beforeRun(TestRunner.java:644)
at org.testng.TestRunner.run(TestRunner.java:610)
at org.testng.SuiteRunner.runTest(SuiteRunner.java:421)
at org.testng.SuiteRunner.runSequentially(SuiteRunner.java:413)
at org.testng.SuiteRunner.privateRun(SuiteRunner.java:373)
at org.testng.SuiteRunner.run(SuiteRunner.java:312)
at org.testng.SuiteRunnerWorker.runSuite(SuiteRunnerWorker.java:52)
at org.testng.SuiteRunnerWorker.run(SuiteRunnerWorker.java:95)
at org.testng.TestNG.runSuitesSequentially(TestNG.java:1274)
at org.testng.TestNG.runSuitesLocally(TestNG.java:1208)
at org.testng.TestNG.runSuites(TestNG.java:1112)
at org.testng.TestNG.run(TestNG.java:1079)
at org.testng.remote.AbstractRemoteTestNG.run(AbstractRemoteTestNG.java:115)
at org.testng.remote.RemoteTestNG.initAndRun(RemoteTestNG.java:293)
at org.testng.remote.RemoteTestNG.main(RemoteTestNG.java:91)
]]>
    </failure>
  </testcase> <!-- @BeforeTest setup -->
  <testcase classname="screenshotCapturingInExtentReportday_03.BaseClassExtent" name="@AfterMethod checkstatus" time="0.0">
    <skipped/>
  </testcase> <!-- @AfterMethod checkstatus -->
  <testcase classname="screenshotCapturingInExtentReportday_03.BaseClassExtent" name="@AfterMethod checkstatus" time="0.0">
    <skipped/>
  </testcase> <!-- @AfterMethod checkstatus -->
  <testcase classname="screenshotCapturingInExtentReportday_03.BaseClassExtent" name="@AfterMethod checkstatus" time="0.0">
    <skipped/>
  </testcase> <!-- @AfterMethod checkstatus -->
  <testcase classname="screenshotCapturingInExtentReportday_03.BaseClassExtent" name="@AfterTest teardown" time="0.0">
    <skipped/>
  </testcase> <!-- @AfterTest teardown -->
  <testcase classname="screenshotCapturingInExtentReportday_03.testcasesExtent" name="testfacebooks" time="0.0">
    <skipped/>
  </testcase> <!-- testfacebooks -->
  <testcase classname="screenshotCapturingInExtentReportday_03.testcasesExtent" name="testgooglee" time="0.0">
    <skipped/>
  </testcase> <!-- testgooglee -->
  <testcase classname="screenshotCapturingInExtentReportday_03.testcasesExtent" name="testorange" time="0.0">
    <skipped/>
  </testcase> <!-- testorange -->
</testsuite> <!-- Default test -->
