<?xml version="1.0" encoding="UTF-8"?>
<!-- Generated by org.testng.reporters.JUnitXMLReporter -->
<testsuite ignored="2" hostname="LAPTOP-UUVR85DV" failures="1" tests="1" name="TestFacebook" time="2.764" errors="0" timestamp="2025-04-18T14:59:25 IST">
  <testcase classname="CapturescreenITestlistenerday_06.ITestlistenerDatadrivenTestcases" name="testfacebook" time="0.89">
    <failure type="java.lang.AssertionError" message="expected [goooleee] but found [Facebook – log in or sign up]">
      <![CDATA[java.lang.AssertionError: expected [goooleee] but found [Facebook – log in or sign up]
at CapturescreenITestlistenerday_06.ITestlistenerDatadrivenTestcases.testfacebook(ITestlistenerDatadrivenTestcases.java:35)
at java.base/java.util.ArrayList.forEach(ArrayList.java:1597)
... Removed 31 stack frames]]>
    </failure>
  </testcase> <!-- testfacebook -->
  <testcase classname="CapturescreenITestlistenerday_06.ITestlistenerDatadrivenTestcases" name="testorange" time="0.0">
    <ignored/>
  </testcase> <!-- testorange -->
  <testcase classname="CapturescreenITestlistenerday_06.ITestlistenerDatadrivenTestcases" name="testgoogle" time="0.0">
    <ignored/>
  </testcase> <!-- testgoogle -->
</testsuite> <!-- TestFacebook -->
