<?xml version="1.0" encoding="UTF-8"?>
<!-- Generated by org.testng.reporters.JUnitXMLReporter -->
<testsuite ignored="2" hostname="LAPTOP-UUVR85DV" failures="1" tests="1" name="TestGoogle" time="3.237" errors="0" timestamp="2025-04-18T14:59:23 IST">
  <testcase classname="CapturescreenITestlistenerday_06.ITestlistenerDatadrivenTestcases" name="testgoogle" time="1.363">
    <failure type="java.lang.AssertionError" message="expected [goooleee] but found [Google]">
      <![CDATA[java.lang.AssertionError: expected [goooleee] but found [Google]
at CapturescreenITestlistenerday_06.ITestlistenerDatadrivenTestcases.testgoogle(ITestlistenerDatadrivenTestcases.java:26)
at java.base/java.util.ArrayList.forEach(ArrayList.java:1597)
... Removed 31 stack frames]]>
    </failure>
  </testcase> <!-- testgoogle -->
  <testcase classname="CapturescreenITestlistenerday_06.ITestlistenerDatadrivenTestcases" name="testorange" time="0.0">
    <ignored/>
  </testcase> <!-- testorange -->
  <testcase classname="CapturescreenITestlistenerday_06.ITestlistenerDatadrivenTestcases" name="testfacebook" time="0.0">
    <ignored/>
  </testcase> <!-- testfacebook -->
</testsuite> <!-- TestGoogle -->
