<?xml version="1.0" encoding="UTF-8"?>
<!-- Generated by org.testng.reporters.JUnitXMLReporter -->
<testsuite ignored="2" hostname="LAPTOP-UUVR85DV" failures="1" tests="1" name="Test2" time="5.839" errors="0" timestamp="2025-02-28T17:38:18 IST">
  <testcase classname="screenshotextentday_04.testclassfour" name="testgooglee" time="3.722">
    <failure type="java.lang.AssertionError" message="expected [Google] but found [Googlee]">
      <![CDATA[java.lang.AssertionError: expected [Google] but found [Googlee]
at screenshotextentday_04.testclassfour.testgooglee(testclassfour.java:24)
at java.base/java.util.ArrayList.forEach(ArrayList.java:1597)
... Removed 31 stack frames]]>
    </failure>
  </testcase> <!-- testgooglee -->
  <testcase classname="screenshotextentday_04.testclassfour" name="testfacebooks" time="0.0">
    <ignored/>
  </testcase> <!-- testfacebooks -->
  <testcase classname="screenshotextentday_04.testclassfour" name="testorange" time="0.0">
    <ignored/>
  </testcase> <!-- testorange -->
</testsuite> <!-- Test2 -->
