<?xml version="1.0" encoding="UTF-8"?>
<!-- Generated by org.testng.reporters.JUnitXMLReporter -->
<testsuite ignored="2" hostname="LAPTOP-UUVR85DV" failures="1" tests="1" name="testfacebooks" time="2.981" errors="0" timestamp="2025-02-25T18:26:25 IST">
  <testcase classname="extentreportscreenshot.testcaseslisteners" name="testfacebooks" time="0.953">
    <failure type="java.lang.AssertionError" message="expected [Facebooku – log in or sign up] but found [Facebook – log in or sign up]">
      <![CDATA[java.lang.AssertionError: expected [Facebooku – log in or sign up] but found [Facebook – log in or sign up]
at extentreportscreenshot.testcaseslisteners.testfacebooks(testcaseslisteners.java:27)
at java.base/java.util.ArrayList.forEach(ArrayList.java:1597)
... Removed 31 stack frames]]>
    </failure>
  </testcase> <!-- testfacebooks -->
  <testcase classname="extentreportscreenshot.testcaseslisteners" name="testorangahrms" time="0.0">
    <ignored/>
  </testcase> <!-- testorangahrms -->
  <testcase classname="extentreportscreenshot.testcaseslisteners" name="testgooglee" time="0.0">
    <ignored/>
  </testcase> <!-- testgooglee -->
</testsuite> <!-- testfacebooks -->
