<?xml version="1.0" encoding="UTF-8"?>
<!-- Generated by org.testng.reporters.JUnitXMLReporter -->
<testsuite ignored="2" hostname="LAPTOP-UUVR85DV" failures="1" tests="1" name="Test3" time="5.252" errors="0" timestamp="2025-02-28T17:38:23 IST">
  <testcase classname="screenshotextentday_04.testclassfour" name="testfacebooks" time="3.28">
    <failure type="java.lang.AssertionError" message="expected [Facebooku – log in or sign up] but found [Facebook – log in or sign up]">
      <![CDATA[java.lang.AssertionError: expected [Facebooku – log in or sign up] but found [Facebook – log in or sign up]
at screenshotextentday_04.testclassfour.testfacebooks(testclassfour.java:32)
at java.base/java.util.ArrayList.forEach(ArrayList.java:1597)
... Removed 31 stack frames]]>
    </failure>
  </testcase> <!-- testfacebooks -->
  <testcase classname="screenshotextentday_04.testclassfour" name="testgooglee" time="0.0">
    <ignored/>
  </testcase> <!-- testgooglee -->
  <testcase classname="screenshotextentday_04.testclassfour" name="testorange" time="0.0">
    <ignored/>
  </testcase> <!-- testorange -->
</testsuite> <!-- Test3 -->
