<?xml version="1.0" encoding="UTF-8"?>
<!-- Generated by org.testng.reporters.JUnitXMLReporter -->
<testsuite ignored="2" hostname="LAPTOP-UUVR85DV" failures="0" tests="1" name="TestOrangeHRM" time="10.672" errors="0" timestamp="2025-03-23T19:47:54 IST">
  <testcase classname="screenshotCapturingday_10.testClassExtentten" name="testorange" time="2.98"/>
  <testcase classname="screenshotCapturingday_10.testClassExtentten" name="testfacebooks" time="0.0">
    <ignored/>
  </testcase> <!-- testfacebooks -->
  <testcase classname="screenshotCapturingday_10.testClassExtentten" name="testgooglee" time="0.0">
    <ignored/>
  </testcase> <!-- testgooglee -->
</testsuite> <!-- TestOrangeHRM -->
