<?xml version="1.0" encoding="UTF-8"?>
<!-- Generated by org.testng.reporters.JUnitXMLReporter -->
<testsuite ignored="1" hostname="LAPTOP-UUVR85DV" failures="0" tests="1" name="TestGoogle" time="3.019" errors="0" timestamp="2025-03-25T05:46:03 IST">
  <testcase classname="extentReportScreenshotPracticeday_09.testClassExtentFive" name="testGoogle" time="1.169"/>
  <testcase classname="extentReportScreenshotPracticeday_09.testClassExtentFive" name="testORGhrm" time="0.0">
    <ignored/>
  </testcase> <!-- testORGhrm -->
</testsuite> <!-- TestGoogle -->
