<?xml version="1.0" encoding="UTF-8"?>
<!-- Generated by org.testng.reporters.JUnitXMLReporter -->
<testsuite ignored="2" hostname="LAPTOP-UUVR85DV" failures="0" tests="1" name="Test1" time="15.676" errors="0" timestamp="2025-02-28T17:38:12 IST">
  <testcase classname="screenshotextentday_04.testclassfour" name="testorange" time="13.208"/>
  <testcase classname="screenshotextentday_04.testclassfour" name="testgooglee" time="0.0">
    <ignored/>
  </testcase> <!-- testgooglee -->
  <testcase classname="screenshotextentday_04.testclassfour" name="testfacebooks" time="0.0">
    <ignored/>
  </testcase> <!-- testfacebooks -->
</testsuite> <!-- Test1 -->
