<?xml version="1.0" encoding="UTF-8"?>
<!-- Generated by org.testng.reporters.JUnitXMLReporter -->
<testsuite ignored="1" hostname="LAPTOP-UUVR85DV" failures="0" tests="1" name="TestORGHRM" time="4.292" errors="0" timestamp="2025-03-25T05:46:07 IST">
  <testcase classname="extentReportScreenshotPracticeday_09.testClassExtentFive" name="testORGhrm" time="3.039"/>
  <testcase classname="extentReportScreenshotPracticeday_09.testClassExtentFive" name="testGoogle" time="0.0">
    <ignored/>
  </testcase> <!-- testGoogle -->
</testsuite> <!-- TestORGHRM -->
