<?xml version="1.0" encoding="UTF-8"?>
<!-- Generated by org.testng.reporters.JUnitXMLReporter -->
<testsuite ignored="2" hostname="LAPTOP-UUVR85DV" failures="1" tests="1" name="TestFaceBook" time="2.888" errors="0" timestamp="2025-03-23T19:48:00 IST">
  <testcase classname="screenshotCapturingday_10.testClassExtentten" name="testfacebooks" time="1.114">
    <failure type="java.lang.AssertionError" message="expected [Facebooku – log in or sign up] but found [Facebook – log in or sign up]">
      <![CDATA[java.lang.AssertionError: expected [Facebooku – log in or sign up] but found [Facebook – log in or sign up]
at screenshotCapturingday_10.testClassExtentten.testfacebooks(testClassExtentten.java:37)
at java.base/java.util.ArrayList.forEach(ArrayList.java:1597)
... Removed 31 stack frames]]>
    </failure>
  </testcase> <!-- testfacebooks -->
  <testcase classname="screenshotCapturingday_10.testClassExtentten" name="testgooglee" time="0.0">
    <ignored/>
  </testcase> <!-- testgooglee -->
  <testcase classname="screenshotCapturingday_10.testClassExtentten" name="testorange" time="0.0">
    <ignored/>
  </testcase> <!-- testorange -->
</testsuite> <!-- TestFaceBook -->
