<?xml version="1.0" encoding="UTF-8"?>
<!-- Generated by org.testng.reporters.JUnitXMLReporter -->
<testsuite ignored="2" hostname="LAPTOP-UUVR85DV" failures="0" tests="1" name="testgoogle" time="1.648" errors="0" timestamp="2025-03-08T16:17:55 IST">
  <testcase classname="extentreportscreenshot.BaseClass" name="@BeforeTest setup" time="1.593">
    <failure type="java.lang.NullPointerException" message="Cannot invoke &amp;quot;String.replaceAll(String, String)&amp;quot; because &amp;quot;x&amp;quot; is null">
      <![CDATA[java.lang.NullPointerException: Cannot invoke "String.replaceAll(String, String)" because "x" is null
at com.aventstack.extentreports.ExtentTest.lambda$assignAuthor$1(ExtentTest.java:1067)
at java.base/java.util.Spliterators$ArraySpliterator.forEachRemaining(Spliterators.java:1024)
at java.base/java.util.stream.ReferencePipeline$Head.forEach(ReferencePipeline.java:807)
at com.aventstack.extentreports.ExtentTest.assignAuthor(ExtentTest.java:1066)
at extentreportscreenshot.BaseClass.setup(BaseClass.java:47)
... Removed 26 stack frames]]>
    </failure>
  </testcase> <!-- @BeforeTest setup -->
  <testcase classname="extentreportscreenshot.BaseClass" name="@AfterMethod checkstatus" time="0.0">
    <skipped/>
  </testcase> <!-- @AfterMethod checkstatus -->
  <testcase classname="extentreportscreenshot.BaseClass" name="@AfterMethod screen" time="0.0">
    <skipped/>
  </testcase> <!-- @AfterMethod screen -->
  <testcase classname="extentreportscreenshot.BaseClass" name="@AfterTest teardown" time="0.0">
    <skipped/>
  </testcase> <!-- @AfterTest teardown -->
  <testcase classname="extentreportscreenshot.testcaseslisteners" name="testgooglee" time="0.0">
    <skipped/>
  </testcase> <!-- testgooglee -->
  <testcase classname="extentreportscreenshot.testcaseslisteners" name="testorangahrms" time="0.0">
    <ignored/>
  </testcase> <!-- testorangahrms -->
  <testcase classname="extentreportscreenshot.testcaseslisteners" name="testfacebooks" time="0.0">
    <ignored/>
  </testcase> <!-- testfacebooks -->
</testsuite> <!-- testgoogle -->
