<?xml version="1.0" encoding="UTF-8"?>
<!-- Generated by org.testng.reporters.JUnitXMLReporter -->
<testsuite ignored="2" hostname="LAPTOP-UUVR85DV" failures="1" tests="1" name="testorangehrm" time="10.919" errors="0" timestamp="2025-03-08T16:18:11 IST">
  <testcase classname="extentreportscreenshot.testcaseslisteners" name="testorangahrms" time="9.316">
    <failure type="java.lang.AssertionError" message="expected [OrangeHRM] but found [OrangeHRm]">
      <![CDATA[java.lang.AssertionError: expected [OrangeHRM] but found [OrangeHRm]
at extentreportscreenshot.testcaseslisteners.testorangahrms(testcaseslisteners.java:42)
at java.base/java.util.ArrayList.forEach(ArrayList.java:1597)
... Removed 35 stack frames]]>
    </failure>
  </testcase> <!-- testorangahrms -->
  <testcase classname="extentreportscreenshot.testcaseslisteners" name="testgooglee" time="0.0">
    <ignored/>
  </testcase> <!-- testgooglee -->
  <testcase classname="extentreportscreenshot.testcaseslisteners" name="testfacebooks" time="0.0">
    <ignored/>
  </testcase> <!-- testfacebooks -->
</testsuite> <!-- testorangehrm -->
