<?xml version="1.0" encoding="UTF-8"?>
<!-- Generated by org.testng.reporters.JUnitXMLReporter -->
<testsuite ignored="0" hostname="LAPTOP-UUVR85DV" failures="2" tests="3" name="Test" time="14.768" errors="0" timestamp="2025-02-25T12:30:02 IST">
  <testcase classname="screenshotday_08.testcaseimg" name="testfacebooks" time="3.91">
    <failure type="java.lang.AssertionError" message="expected [Facebooku – log in or sign up] but found [Facebook – log in or sign up]">
      <![CDATA[java.lang.AssertionError: expected [Facebooku – log in or sign up] but found [Facebook – log in or sign up]
at screenshotday_08.testcaseimg.testfacebooks(testcaseimg.java:45)
at java.base/java.util.ArrayList.forEach(ArrayList.java:1597)
... Removed 31 stack frames]]>
    </failure>
  </testcase> <!-- testfacebooks -->
  <testcase classname="screenshotday_08.testcaseimg" name="testgooglee" time="3.998">
    <failure type="java.lang.AssertionError" message="expected [Google] but found [Googlee]">
      <![CDATA[java.lang.AssertionError: expected [Google] but found [Googlee]
at screenshotday_08.testcaseimg.testgooglee(testcaseimg.java:37)
at java.base/java.util.ArrayList.forEach(ArrayList.java:1597)
... Removed 31 stack frames]]>
    </failure>
  </testcase> <!-- testgooglee -->
  <testcase classname="screenshotday_08.testcaseimg" name="testorange" time="4.707"/>
</testsuite> <!-- Test -->
